2025-11-21 23:27:05,547 - acm - INFO - [LOG_CFG] console=Low(WARNING) file=Medium(INFO)
2025-11-21 23:27:05,548 - acm - INFO - Subprocess log initialized at: C:\dev\silky\api_cost_multiplier\logs\acm_subprocess_20251121_232705.log
2025-11-21 23:27:05,579 - acm - INFO - [RUN_START] type=ma provider=None model=gpt-4.1 file=C:\dev\invade\firstpub-Platform\docs\1. Preface End facism\1. keep track\executive-orders\100_ EO 14er & Block.md
2025-11-21 23:27:05,580 - acm - INFO - [RUN_START] type=gptr provider=google_genai model=gemini-2.5-pro file=C:\dev\invade\firstpub-Platform\docs\1. Preface End facism\1. keep track\executive-orders\100_ EO 14er & Block.md
2025-11-21 23:29:41,706 - acm - INFO - [FILES_WRITTEN] count=1 paths=['C:\\dev\\invade\\firstpub-Platform\\docs\\1. Preface End facism\\1. keep track\\executive-orders\\outputs\\100_ EO 14er & Block.gptr.1.gemini-2.5-pro.chh.md']
2025-11-21 23:29:41,707 - acm - INFO - [FILES_WRITTEN] count=1 paths=['C:\\dev\\invade\\firstpub-Platform\\docs\\1. Preface End facism\\1. keep track\\executive-orders\\outputs\\100_ EO 14er & Block.ma.1.gpt-4.1.7zf.md']
2025-11-21 23:29:41,708 - acm - INFO - [RUN_START] type=gptr provider=openai model=gpt-5 file=C:\dev\invade\firstpub-Platform\docs\1. Preface End facism\1. keep track\executive-orders\100_ EO 14er & Block.md
2025-11-21 23:29:41,722 - acm - INFO - [RUN_START] type=dr provider=google_genai model=gemini-2.5-pro file=C:\dev\invade\firstpub-Platform\docs\1. Preface End facism\1. keep track\executive-orders\100_ EO 14er & Block.md
2025-11-21 23:29:42,223 - acm - INFO - [RUN_START] type=dr provider=openai model=gpt-5 file=C:\dev\invade\firstpub-Platform\docs\1. Preface End facism\1. keep track\executive-orders\100_ EO 14er & Block.md
2025-11-21 23:31:44,394 - acm - INFO - [FILES_WRITTEN] count=1 paths=['C:\\dev\\invade\\firstpub-Platform\\docs\\1. Preface End facism\\1. keep track\\executive-orders\\outputs\\100_ EO 14er & Block.gptr.1.gpt-5.3pd.md']
2025-11-21 23:36:06,813 - acm - INFO - [FILES_WRITTEN] count=1 paths=['C:\\dev\\invade\\firstpub-Platform\\docs\\1. Preface End facism\\1. keep track\\executive-orders\\outputs\\100_ EO 14er & Block.dr.1.gemini-2.5-pro.yt5.md']
2025-11-21 23:40:55,027 - acm - INFO - [FILES_WRITTEN] count=1 paths=['C:\\dev\\invade\\firstpub-Platform\\docs\\1. Preface End facism\\1. keep track\\executive-orders\\outputs\\100_ EO 14er & Block.dr.1.gpt-5.n89.md']
2025-11-21 23:40:58,528 - eval - INFO - [LOG_CFG] console=High(DEBUG) file=Medium(INFO)
2025-11-21 23:40:58,529 - eval - INFO - [EVAL_TEMP_DIR] Created fresh: C:\Users\kjhgf\AppData\Local\Temp\llm_eval_20251121_234058_528927
2025-11-21 23:40:58,944 - eval - INFO - [EVAL_START] docs=C:\Users\kjhgf\AppData\Local\Temp\llm_eval_20251121_234058_528927
2025-11-21 23:40:58,946 - eval - INFO - [EVALUATE_START] Starting evaluation
2025-11-21 23:40:58,946 - eval - INFO - [EVALUATE_START] Evaluation directory: C:\Users\kjhgf\AppData\Local\Temp\llm_eval_20251121_234058_528927
2025-11-21 23:40:58,946 - eval - INFO - [EVALUATE_START] Database path: C:\dev\silky\api_cost_multiplier\llm-doc-eval\llm_doc_eval\results_20251122_074058_9f7eba96.sqlite
2025-11-21 23:40:58,946 - eval - INFO - [EVALUATE_START] Mode: config (will read from config.yaml)
2025-11-21 23:40:58,946 - eval - INFO - [EVALUATE_START] Iterations: 1
2025-11-21 23:57:34,619 - eval - INFO - [EVALUATE_COMPLETE] Evaluation returned: {'mode': 'both', 'total_cost_usd': 2.227047}
2025-11-21 23:57:34,622 - eval - INFO - [EVAL_BEST] path=C:\Users\kjhgf\AppData\Local\Temp\llm_eval_20251121_234058_528927\100_ EO 14er & Block.dr.1.gpt-5.n89.md
2025-11-21 23:57:34,622 - eval - INFO - [CSV_EXPORT_START] Beginning CSV export from database: C:\dev\silky\api_cost_multiplier\llm-doc-eval\llm_doc_eval\results_20251122_074058_9f7eba96.sqlite
2025-11-21 23:57:34,622 - eval - INFO - [CSV_EXPORT_START] Export directory: gptr-eval-process/exports\eval_run_20251122_074058_9f7eba96
2025-11-21 23:57:34,622 - eval - INFO - [CSV_EXPORT_DB] Database file exists: 90112 bytes
2025-11-21 23:57:34,622 - eval - INFO - [CSV_EXPORT_TABLES] Database contains 3 tables: ['single_doc_results', 'sqlite_sequence', 'pairwise_results']
2025-11-21 23:57:34,623 - eval - INFO - [CSV_EXPORT_SINGLE] Found 154 rows in single_doc_results
2025-11-21 23:57:34,637 - eval - INFO - [CSV_EXPORT_SUCCESS] Created 3 CSV files: ['elo_summary_20251122_074058_9f7eba96.csv', 'pairwise_results_20251122_074058_9f7eba96.csv', 'single_doc_results_20251122_074058_9f7eba96.csv']
2025-11-21 23:57:34,637 - eval - INFO - [EVAL_EXPORTS] dir=gptr-eval-process/exports\eval_run_20251122_074058_9f7eba96
2025-11-21 23:57:34,638 - eval - INFO - [HTML_EXPORT_START] Generating HTML report from C:\dev\silky\api_cost_multiplier\llm-doc-eval\llm_doc_eval\results_20251122_074058_9f7eba96.sqlite
2025-11-21 23:57:34,641 - eval - INFO - [HTML_EXPORT_SUCCESS] Report saved to gptr-eval-process/exports\eval_run_20251122_074058_9f7eba96\evaluation_report.html
2025-11-21 23:57:34,641 - eval - INFO - [CSV_EXPORT_DB] Database connection closed
2025-11-21 23:57:34,641 - eval - INFO - [EVAL_COST] total_cost_usd=2.227047
2025-11-21 23:57:34,646 - eval - ERROR - [EVALUATE_ERROR] Evaluation failed: UnicodeEncodeError: 'charmap' codec can't encode character '\x8f' in position 143: character maps to <undefined>
Traceback (most recent call last):
  File "C:\dev\silky\api_cost_multiplier\evaluate.py", line 430, in main
    print(f"  âš ï¸  UNEXPECTED: More rows than expected ({single_count} > {expected_single})")
    ~~~~~^^^^^^^^^^^^^^^^^^^^^^^^^^^^^^^^^^^^^^^^^^^^^^^^^^^^^^^^^^^^^^^^^^^^^^^^^^^^^^^^^^^^^^^
  File "C:\Program Files\Python313\Lib\encodings\cp1252.py", line 19, in encode
    return codecs.charmap_encode(input,self.errors,encoding_table)[0]
           ~~~~~~~~~~~~~~~~~~~~~^^^^^^^^^^^^^^^^^^^^^^^^^^^^^^^^^^
UnicodeEncodeError: 'charmap' codec can't encode character '\x8f' in position 7: character maps to <undefined>

During handling of the above exception, another exception occurred:

Traceback (most recent call last):
  File "C:\dev\silky\api_cost_multiplier\evaluate.py", line 446, in main
    print(f"  Traceback:\n{traceback.format_exc()}")
    ~~~~~^^^^^^^^^^^^^^^^^^^^^^^^^^^^^^^^^^^^^^^^^^^
  File "C:\Program Files\Python313\Lib\encodings\cp1252.py", line 19, in encode
    return codecs.charmap_encode(input,self.errors,encoding_table)[0]
           ~~~~~~~~~~~~~~~~~~~~~^^^^^^^^^^^^^^^^^^^^^^^^^^^^^^^^^^
UnicodeEncodeError: 'charmap' codec can't encode character '\x8f' in position 143: character maps to <undefined>
2025-11-21 23:57:35,305 - acm - INFO - [TIMELINE]
2025-11-21 23:57:35,305 - acm - INFO - 00:00 -- 02:36 (02:36) -- MA, gpt-4.1 -- success
2025-11-21 23:57:35,305 - acm - INFO - 00:00 -- 02:36 (02:36) -- MA, gpt-4.1 -- success
2025-11-21 23:57:35,305 - acm - INFO - 00:00 -- 02:36 (02:36) -- GPT-R standard, google_genai:gemini-2.5-pro -- success
2025-11-21 23:57:35,305 - acm - INFO - 00:00 -- 01:12 (01:12) -- FPF rest, gemini-3-pro-preview -- success
2025-11-21 23:57:35,306 - acm - INFO - 00:00 -- 03:13 (03:13) -- FPF rest, gpt-5.1 -- success
2025-11-21 23:57:35,306 - acm - INFO - 02:35 -- 02:36 (00:01) -- MA, gpt-4.1 -- success
2025-11-21 23:57:35,306 - acm - INFO - 02:36 -- 04:39 (02:03) -- GPT-R standard, openai:gpt-5 -- success
2025-11-21 23:57:35,306 - acm - INFO - 02:36 -- 09:01 (06:25) -- GPT-R deep, google_genai:gemini-2.5-pro -- success
2025-11-21 23:57:35,306 - acm - INFO - 02:37 -- 13:49 (11:13) -- GPT-R deep, openai:gpt-5 -- success
2025-11-22 00:48:50,007 - acm - INFO - [LOG_CFG] console=Low(WARNING) file=Medium(INFO)
2025-11-22 00:48:50,008 - acm - INFO - Subprocess log initialized at: C:\dev\silky\api_cost_multiplier\logs\acm_subprocess_20251122_004850.log
2025-11-22 00:48:50,033 - acm - INFO - [RUN_START] type=dr provider=google_genai model=gemini-2.5-pro file=C:\dev\invade\firstpub-Platform\docs\1. Preface End facism\1. keep track\executive-orders\100_ EO 14er & Block.md
2025-11-22 00:48:50,526 - acm - INFO - [RUN_START] type=dr provider=openai model=gpt-5 file=C:\dev\invade\firstpub-Platform\docs\1. Preface End facism\1. keep track\executive-orders\100_ EO 14er & Block.md
2025-11-22 00:50:15,270 - acm - INFO - [FILES_WRITTEN] count=0 paths=[]
2025-11-22 01:18:06,784 - acm - INFO - [LOG_CFG] console=Low(WARNING) file=Medium(INFO)
2025-11-22 01:18:06,784 - acm - INFO - Subprocess log initialized at: C:\dev\silky\api_cost_multiplier\logs\acm_subprocess_20251122_011806.log
2025-11-22 01:18:06,798 - acm - INFO - [RUN_START] type=dr provider=google_genai model=gemini-3-pro-preview file=C:\dev\invade\firstpub-Platform\docs\1. Preface End facism\1. keep track\executive-orders\100_ EO 14er & Block.md
2025-11-22 01:18:07,287 - acm - INFO - [RUN_START] type=dr provider=openai model=gpt-5 file=C:\dev\invade\firstpub-Platform\docs\1. Preface End facism\1. keep track\executive-orders\100_ EO 14er & Block.md
2025-11-22 01:18:12,971 - acm - INFO - [FILES_WRITTEN] count=0 paths=[]
2025-11-22 01:18:44,351 - acm - INFO - [LOG_CFG] console=Low(WARNING) file=Medium(INFO)
2025-11-22 01:18:44,351 - acm - INFO - Subprocess log initialized at: C:\dev\silky\api_cost_multiplier\logs\acm_subprocess_20251122_011844.log
2025-11-22 01:18:44,363 - acm - INFO - [RUN_START] type=dr provider=google_genai model=gemini-3-pro-preview file=C:\dev\invade\firstpub-Platform\docs\1. Preface End facism\1. keep track\executive-orders\100_ EO 14er & Block.md
2025-11-22 01:18:44,856 - acm - INFO - [RUN_START] type=dr provider=openai model=gpt-5 file=C:\dev\invade\firstpub-Platform\docs\1. Preface End facism\1. keep track\executive-orders\100_ EO 14er & Block.md
2025-11-22 01:25:19,612 - acm - INFO - [FILES_WRITTEN] count=1 paths=['C:\\dev\\invade\\firstpub-Platform\\docs\\1. Preface End facism\\1. keep track\\executive-orders\\outputs\\100_ EO 14er & Block.dr.1.gemini-3-pro-preview.5l9.md']
2025-11-22 01:37:05,130 - acm - INFO - [FILES_WRITTEN] count=1 paths=['C:\\dev\\invade\\firstpub-Platform\\docs\\1. Preface End facism\\1. keep track\\executive-orders\\outputs\\100_ EO 14er & Block.dr.1.gpt-5.xzt.md']
2025-11-22 01:37:08,590 - eval - INFO - [LOG_CFG] console=High(DEBUG) file=Medium(INFO)
2025-11-22 01:37:08,592 - eval - INFO - [EVAL_TEMP_DIR] Created fresh: C:\Users\kjhgf\AppData\Local\Temp\llm_eval_20251122_013708_591229
2025-11-22 01:37:08,601 - eval - INFO - [EVAL_START] docs=C:\Users\kjhgf\AppData\Local\Temp\llm_eval_20251122_013708_591229
2025-11-22 01:37:08,602 - eval - INFO - [EVALUATE_START] Starting evaluation
2025-11-22 01:37:08,602 - eval - INFO - [EVALUATE_START] Evaluation directory: C:\Users\kjhgf\AppData\Local\Temp\llm_eval_20251122_013708_591229
2025-11-22 01:37:08,602 - eval - INFO - [EVALUATE_START] Database path: C:\dev\silky\api_cost_multiplier\llm-doc-eval\llm_doc_eval\results_20251122_093708_da872d57.sqlite
2025-11-22 01:37:08,602 - eval - INFO - [EVALUATE_START] Mode: config (will read from config.yaml)
2025-11-22 01:37:08,602 - eval - INFO - [EVALUATE_START] Iterations: 1
2025-11-22 01:45:12,314 - eval - INFO - [EVALUATE_COMPLETE] Evaluation returned: {'mode': 'both', 'total_cost_usd': 0.0}
2025-11-22 01:45:12,316 - eval - INFO - [EVAL_BEST] path=C:\Users\kjhgf\AppData\Local\Temp\llm_eval_20251122_013708_591229\100_ EO 14er & Block.dr.1.gpt-5.xzt.md
2025-11-22 01:45:12,316 - eval - INFO - [CSV_EXPORT_START] Beginning CSV export from database: C:\dev\silky\api_cost_multiplier\llm-doc-eval\llm_doc_eval\results_20251122_093708_da872d57.sqlite
2025-11-22 01:45:12,316 - eval - INFO - [CSV_EXPORT_START] Export directory: gptr-eval-process/exports\eval_run_20251122_093708_da872d57
2025-11-22 01:45:12,316 - eval - INFO - [CSV_EXPORT_DB] Database file exists: 40960 bytes
2025-11-22 01:45:12,317 - eval - INFO - [CSV_EXPORT_TABLES] Database contains 3 tables: ['single_doc_results', 'sqlite_sequence', 'pairwise_results']
2025-11-22 01:45:12,317 - eval - INFO - [CSV_EXPORT_SINGLE] Found 66 rows in single_doc_results
2025-11-22 01:45:12,364 - eval - INFO - [CSV_EXPORT_SUCCESS] Created 3 CSV files: ['elo_summary_20251122_093708_da872d57.csv', 'pairwise_results_20251122_093708_da872d57.csv', 'single_doc_results_20251122_093708_da872d57.csv']
2025-11-22 01:45:12,364 - eval - INFO - [EVAL_EXPORTS] dir=gptr-eval-process/exports\eval_run_20251122_093708_da872d57
2025-11-22 01:45:12,364 - eval - INFO - [HTML_EXPORT_START] Generating HTML report from C:\dev\silky\api_cost_multiplier\llm-doc-eval\llm_doc_eval\results_20251122_093708_da872d57.sqlite
2025-11-22 01:45:12,366 - eval - INFO - [HTML_EXPORT_SUCCESS] Report saved to gptr-eval-process/exports\eval_run_20251122_093708_da872d57\evaluation_report.html
2025-11-22 01:45:12,367 - eval - INFO - [CSV_EXPORT_DB] Database connection closed
2025-11-22 01:45:12,367 - eval - INFO - [EVAL_COST] total_cost_usd=0.0
2025-11-22 01:45:12,369 - eval - ERROR - [EVALUATE_ERROR] Evaluation failed: UnicodeEncodeError: 'charmap' codec can't encode character '\x8f' in position 143: character maps to <undefined>
Traceback (most recent call last):
  File "C:\dev\silky\api_cost_multiplier\evaluate.py", line 430, in main
    print(f"  âš ï¸  UNEXPECTED: More rows than expected ({single_count} > {expected_single})")
    ~~~~~^^^^^^^^^^^^^^^^^^^^^^^^^^^^^^^^^^^^^^^^^^^^^^^^^^^^^^^^^^^^^^^^^^^^^^^^^^^^^^^^^^^^^^^
  File "C:\Program Files\Python313\Lib\encodings\cp1252.py", line 19, in encode
    return codecs.charmap_encode(input,self.errors,encoding_table)[0]
           ~~~~~~~~~~~~~~~~~~~~~^^^^^^^^^^^^^^^^^^^^^^^^^^^^^^^^^^
UnicodeEncodeError: 'charmap' codec can't encode character '\x8f' in position 7: character maps to <undefined>

During handling of the above exception, another exception occurred:

Traceback (most recent call last):
  File "C:\dev\silky\api_cost_multiplier\evaluate.py", line 446, in main
    print(f"  Traceback:\n{traceback.format_exc()}")
    ~~~~~^^^^^^^^^^^^^^^^^^^^^^^^^^^^^^^^^^^^^^^^^^^
  File "C:\Program Files\Python313\Lib\encodings\cp1252.py", line 19, in encode
    return codecs.charmap_encode(input,self.errors,encoding_table)[0]
           ~~~~~~~~~~~~~~~~~~~~~^^^^^^^^^^^^^^^^^^^^^^^^^^^^^^^^^^
UnicodeEncodeError: 'charmap' codec can't encode character '\x8f' in position 143: character maps to <undefined>
2025-11-22 01:45:12,712 - acm - INFO - [TIMELINE]
2025-11-22 01:45:12,712 - acm - INFO - 00:00 -- 06:35 (06:35) -- GPT-R deep, google_genai:gemini-3-pro-preview -- success
2025-11-22 01:45:12,712 - acm - INFO - 00:00 -- 00:22 (00:22) -- FPF rest, gemini-pro-latest -- success
2025-11-22 01:45:12,712 - acm - INFO - 00:00 -- 18:21 (18:20) -- GPT-R deep, openai:gpt-5 -- success
2025-11-22 17:20:51,045 - acm - INFO - [LOG_CFG] console=Low(WARNING) file=Medium(INFO)
2025-11-22 17:20:51,046 - acm - INFO - Subprocess log initialized at: C:\dev\silky\api_cost_multiplier\logs\acm_subprocess_20251122_172051.log
2025-11-22 17:20:51,095 - acm - INFO - [RUN_START] type=dr provider=google_genai model=gemini-2.5-pro file=C:\dev\invade\firstpub-Platform\docs\1. Preface End facism\1. keep track\executive-orders\100_ EO 14er & Block.md
2025-11-22 17:20:51,566 - acm - INFO - [RUN_START] type=dr provider=openai model=gpt-5 file=C:\dev\invade\firstpub-Platform\docs\1. Preface End facism\1. keep track\executive-orders\100_ EO 14er & Block.md
2025-11-22 17:26:44,469 - acm - INFO - [FILES_WRITTEN] count=1 paths=['C:\\dev\\invade\\firstpub-Platform\\docs\\1. Preface End facism\\1. keep track\\executive-orders\\outputs\\100_ EO 14er & Block.dr.1.gemini-2.5-pro.l5t.md']
2025-11-22 17:37:10,146 - acm - INFO - [FILES_WRITTEN] count=1 paths=['C:\\dev\\invade\\firstpub-Platform\\docs\\1. Preface End facism\\1. keep track\\executive-orders\\outputs\\100_ EO 14er & Block.dr.1.gpt-5.cdf.md']
2025-11-22 17:37:10,321 - acm - INFO - [TIMELINE]
2025-11-22 17:37:10,321 - acm - INFO - 00:00 -- 05:53 (05:53) -- GPT-R deep, google_genai:gemini-2.5-pro -- success
2025-11-22 17:37:10,321 - acm - INFO - 00:00 -- 00:18 (00:17) -- FPF deep, o3-deep-research -- failure
2025-11-22 17:37:10,321 - acm - INFO - 00:00 -- 05:57 (05:56) -- FPF deep, o4-mini-deep-research -- success
2025-11-22 17:37:10,321 - acm - INFO - 00:00 -- 03:44 (03:44) -- FPF rest, gpt-5.1 -- success
2025-11-22 17:37:10,321 - acm - INFO - 00:01 -- 16:19 (16:19) -- GPT-R deep, openai:gpt-5 -- success
2025-11-22 18:01:31,583 - eval - INFO - [LOG_CFG] console=High(DEBUG) file=Medium(INFO)
2025-11-22 18:01:31,592 - eval - INFO - [EVAL_START] docs=C:\dev\invade\firstpub-Platform\docs\1. Preface End facism\1. keep track\executive-orders\outputs
2025-11-22 18:01:31,593 - eval - INFO - [EVALUATE_START] Starting evaluation
2025-11-22 18:01:31,593 - eval - INFO - [EVALUATE_START] Evaluation directory: C:\dev\invade\firstpub-Platform\docs\1. Preface End facism\1. keep track\executive-orders\outputs
2025-11-22 18:01:31,593 - eval - INFO - [EVALUATE_START] Database path: C:\dev\silky\api_cost_multiplier\llm-doc-eval\llm_doc_eval\results_20251123_020131_8d93637c.sqlite
2025-11-22 18:01:31,593 - eval - INFO - [EVALUATE_START] Mode: config (will read from config.yaml)
2025-11-22 18:01:31,594 - eval - INFO - [EVALUATE_START] Iterations: 1
2025-11-22 18:09:44,201 - eval - INFO - [EVALUATE_COMPLETE] Evaluation returned: {'mode': 'both', 'total_cost_usd': 0.0}
2025-11-22 18:09:44,204 - eval - INFO - [EVAL_BEST] path=C:\dev\invade\firstpub-Platform\docs\1. Preface End facism\1. keep track\executive-orders\outputs\100_ EO 14er & Block.fpf.1.gpt-5.1.t3i.txt
2025-11-22 18:09:44,204 - eval - INFO - [CSV_EXPORT_START] Beginning CSV export from database: C:\dev\silky\api_cost_multiplier\llm-doc-eval\llm_doc_eval\results_20251123_020131_8d93637c.sqlite
2025-11-22 18:09:44,204 - eval - INFO - [CSV_EXPORT_START] Export directory: gptr-eval-process/exports\eval_run_20251123_020131_8d93637c
2025-11-22 18:09:44,204 - eval - INFO - [CSV_EXPORT_DB] Database file exists: 122880 bytes
2025-11-22 18:09:44,205 - eval - INFO - [CSV_EXPORT_TABLES] Database contains 3 tables: ['single_doc_results', 'sqlite_sequence', 'pairwise_results']
2025-11-22 18:09:44,205 - eval - INFO - [CSV_EXPORT_SINGLE] Found 176 rows in single_doc_results
2025-11-22 18:09:44,234 - eval - INFO - [CSV_EXPORT_SUCCESS] Created 3 CSV files: ['elo_summary_20251123_020131_8d93637c.csv', 'pairwise_results_20251123_020131_8d93637c.csv', 'single_doc_results_20251123_020131_8d93637c.csv']
2025-11-22 18:09:44,234 - eval - INFO - [EVAL_EXPORTS] dir=gptr-eval-process/exports\eval_run_20251123_020131_8d93637c
2025-11-22 18:09:44,234 - eval - INFO - [HTML_EXPORT_START] Generating HTML report from C:\dev\silky\api_cost_multiplier\llm-doc-eval\llm_doc_eval\results_20251123_020131_8d93637c.sqlite
2025-11-22 18:09:44,239 - eval - INFO - [HTML_EXPORT_SUCCESS] Report saved to gptr-eval-process/exports\eval_run_20251123_020131_8d93637c\evaluation_report.html
2025-11-22 18:09:44,239 - eval - INFO - [CSV_EXPORT_DB] Database connection closed
2025-11-22 18:09:44,240 - eval - INFO - [EVAL_COST] total_cost_usd=0.0
2025-11-22 22:14:04,652 - acm - INFO - [LOG_CFG] console=Low(WARNING) file=Medium(INFO)
2025-11-22 22:14:04,652 - acm - INFO - Subprocess log initialized at: C:\dev\silky\api_cost_multiplier\logs\acm_subprocess_20251122_221404.log
2025-11-22 22:14:04,654 - acm - INFO - [RUN_START] type=gptr provider=openai model=gpt-5.1 file=C:\dev\invade\firstpub-Platform\docs\1. Preface End facism\1. keep track\executive-orders\100_ EO 14er & Block.md
2025-11-22 22:14:05,161 - acm - INFO - [RUN_START] type=gptr provider=openai model=gpt-5.1-mini file=C:\dev\invade\firstpub-Platform\docs\1. Preface End facism\1. keep track\executive-orders\100_ EO 14er & Block.md
2025-11-22 22:14:05,676 - acm - INFO - [RUN_START] type=gptr provider=openai model=gpt-5.1-nano file=C:\dev\invade\firstpub-Platform\docs\1. Preface End facism\1. keep track\executive-orders\100_ EO 14er & Block.md
2025-11-22 22:14:05,689 - acm - INFO - [RUN_START] type=dr provider=openai model=gpt-5.1 file=C:\dev\invade\firstpub-Platform\docs\1. Preface End facism\1. keep track\executive-orders\100_ EO 14er & Block.md
2025-11-22 22:14:06,178 - acm - INFO - [RUN_START] type=dr provider=openai model=gpt-5.1-mini file=C:\dev\invade\firstpub-Platform\docs\1. Preface End facism\1. keep track\executive-orders\100_ EO 14er & Block.md
2025-11-22 22:14:06,679 - acm - INFO - [RUN_START] type=dr provider=openai model=gpt-5.1-nano file=C:\dev\invade\firstpub-Platform\docs\1. Preface End facism\1. keep track\executive-orders\100_ EO 14er & Block.md
2025-11-22 22:14:13,011 - acm - INFO - [FILES_WRITTEN] count=0 paths=[]
2025-11-22 22:14:14,709 - acm - INFO - [FILES_WRITTEN] count=0 paths=[]
2025-11-22 22:14:15,176 - acm - INFO - [FILES_WRITTEN] count=0 paths=[]
2025-11-22 22:14:16,101 - acm - INFO - [FILES_WRITTEN] count=0 paths=[]
2025-11-22 22:16:08,050 - acm - INFO - [FILES_WRITTEN] count=0 paths=[]
2025-11-22 22:19:58,209 - acm - INFO - [FILES_WRITTEN] count=1 paths=['C:\\dev\\invade\\firstpub-Platform\\docs\\1. Preface End facism\\1. keep track\\executive-orders\\outputs\\100_ EO 14er & Block.dr.1.gpt-5.1.nf3.md']
2025-11-22 22:19:58,336 - acm - INFO - [TIMELINE]
2025-11-22 22:19:58,336 - acm - INFO - 00:00 -- 02:03 (02:03) -- GPT-R standard, openai:gpt-5.1 -- failure
2025-11-22 22:19:58,336 - acm - INFO - 00:01 -- 00:08 (00:08) -- GPT-R standard, openai:gpt-5.1-mini -- failure
2025-11-22 22:19:58,336 - acm - INFO - 00:01 -- 00:10 (00:09) -- GPT-R standard, openai:gpt-5.1-nano -- failure
2025-11-22 22:19:58,336 - acm - INFO - 00:01 -- 05:54 (05:53) -- GPT-R deep, openai:gpt-5.1 -- success
2025-11-22 22:19:58,336 - acm - INFO - 00:02 -- 00:11 (00:10) -- GPT-R deep, openai:gpt-5.1-mini -- failure
2025-11-22 22:19:58,336 - acm - INFO - 00:02 -- 00:11 (00:08) -- GPT-R deep, openai:gpt-5.1-nano -- failure
2025-11-22 22:22:14,783 - acm - INFO - [LOG_CFG] console=Low(WARNING) file=Medium(INFO)
2025-11-22 22:22:14,783 - acm - INFO - Subprocess log initialized at: C:\dev\silky\api_cost_multiplier\logs\acm_subprocess_20251122_222214.log
2025-11-22 22:22:14,785 - acm - INFO - [RUN_START] type=gptr provider=openai model=gpt-5.1 file=C:\dev\invade\firstpub-Platform\docs\1. Preface End facism\1. keep track\executive-orders\100_ EO 14er & Block.md
2025-11-22 22:22:15,288 - acm - INFO - [RUN_START] type=gptr provider=openai model=gpt-5.1-mini file=C:\dev\invade\firstpub-Platform\docs\1. Preface End facism\1. keep track\executive-orders\100_ EO 14er & Block.md
2025-11-22 22:22:15,794 - acm - INFO - [RUN_START] type=gptr provider=openai model=gpt-5.1-nano file=C:\dev\invade\firstpub-Platform\docs\1. Preface End facism\1. keep track\executive-orders\100_ EO 14er & Block.md
2025-11-22 22:22:15,857 - acm - INFO - [RUN_START] type=dr provider=openai model=gpt-5.1 file=C:\dev\invade\firstpub-Platform\docs\1. Preface End facism\1. keep track\executive-orders\100_ EO 14er & Block.md
2025-11-22 22:22:16,301 - acm - INFO - [RUN_START] type=dr provider=openai model=gpt-5.1-mini file=C:\dev\invade\firstpub-Platform\docs\1. Preface End facism\1. keep track\executive-orders\100_ EO 14er & Block.md
2025-11-22 22:22:16,802 - acm - INFO - [RUN_START] type=dr provider=openai model=gpt-5.1-nano file=C:\dev\invade\firstpub-Platform\docs\1. Preface End facism\1. keep track\executive-orders\100_ EO 14er & Block.md
2025-11-22 22:22:21,911 - acm - INFO - [FILES_WRITTEN] count=0 paths=[]
2025-11-22 22:22:22,809 - acm - INFO - [FILES_WRITTEN] count=0 paths=[]
2025-11-22 22:22:23,150 - acm - INFO - [FILES_WRITTEN] count=0 paths=[]
2025-11-22 22:22:23,584 - acm - INFO - [FILES_WRITTEN] count=0 paths=[]
2025-11-22 22:22:32,827 - acm - INFO - [FILES_WRITTEN] count=0 paths=[]
2025-11-22 22:23:32,656 - acm - INFO - [LOG_CFG] console=Low(WARNING) file=Medium(INFO)
2025-11-22 22:23:32,656 - acm - INFO - Subprocess log initialized at: C:\dev\silky\api_cost_multiplier\logs\acm_subprocess_20251122_222332.log
2025-11-22 22:23:32,658 - acm - INFO - [RUN_START] type=gptr provider=openai model=gpt-5.1 file=C:\dev\invade\firstpub-Platform\docs\1. Preface End facism\1. keep track\executive-orders\100_ EO 14er & Block.md
2025-11-22 22:23:33,165 - acm - INFO - [RUN_START] type=gptr provider=openai model=gpt-5.1-mini file=C:\dev\invade\firstpub-Platform\docs\1. Preface End facism\1. keep track\executive-orders\100_ EO 14er & Block.md
2025-11-22 22:23:33,677 - acm - INFO - [RUN_START] type=gptr provider=openai model=gpt-5.1-nano file=C:\dev\invade\firstpub-Platform\docs\1. Preface End facism\1. keep track\executive-orders\100_ EO 14er & Block.md
2025-11-22 22:23:33,690 - acm - INFO - [RUN_START] type=dr provider=openai model=gpt-5.1 file=C:\dev\invade\firstpub-Platform\docs\1. Preface End facism\1. keep track\executive-orders\100_ EO 14er & Block.md
2025-11-22 22:23:34,182 - acm - INFO - [RUN_START] type=dr provider=openai model=gpt-5.1-mini file=C:\dev\invade\firstpub-Platform\docs\1. Preface End facism\1. keep track\executive-orders\100_ EO 14er & Block.md
2025-11-22 22:23:34,694 - acm - INFO - [RUN_START] type=dr provider=openai model=gpt-5.1-nano file=C:\dev\invade\firstpub-Platform\docs\1. Preface End facism\1. keep track\executive-orders\100_ EO 14er & Block.md
2025-11-22 22:23:39,709 - acm - INFO - [FILES_WRITTEN] count=0 paths=[]
2025-11-22 22:23:40,158 - acm - INFO - [FILES_WRITTEN] count=0 paths=[]
2025-11-22 22:23:40,760 - acm - INFO - [FILES_WRITTEN] count=0 paths=[]
2025-11-22 22:23:41,007 - acm - INFO - [FILES_WRITTEN] count=0 paths=[]
2025-11-22 22:25:23,683 - acm - INFO - [FILES_WRITTEN] count=1 paths=['C:\\dev\\invade\\firstpub-Platform\\docs\\1. Preface End facism\\1. keep track\\executive-orders\\outputs\\100_ EO 14er & Block.gptr.1.gpt-5.1.caj.md']
2025-11-22 22:28:30,278 - acm - INFO - [FILES_WRITTEN] count=1 paths=['C:\\dev\\invade\\firstpub-Platform\\docs\\1. Preface End facism\\1. keep track\\executive-orders\\outputs\\100_ EO 14er & Block.dr.1.gpt-5.1.s1e.md']
2025-11-22 22:28:33,749 - eval - INFO - [LOG_CFG] console=High(DEBUG) file=Medium(INFO)
2025-11-22 22:28:33,750 - eval - INFO - [EVAL_TEMP_DIR] Created fresh: C:\Users\kjhgf\AppData\Local\Temp\llm_eval_20251122_222833_749925
2025-11-22 22:28:33,808 - eval - INFO - [EVAL_START] docs=C:\Users\kjhgf\AppData\Local\Temp\llm_eval_20251122_222833_749925
2025-11-22 22:28:33,809 - eval - INFO - [EVALUATE_START] Starting evaluation
2025-11-22 22:28:33,809 - eval - INFO - [EVALUATE_START] Evaluation directory: C:\Users\kjhgf\AppData\Local\Temp\llm_eval_20251122_222833_749925
2025-11-22 22:28:33,809 - eval - INFO - [EVALUATE_START] Database path: C:\dev\silky\api_cost_multiplier\llm-doc-eval\llm_doc_eval\results_20251123_062833_5bf603e3.sqlite
2025-11-22 22:28:33,810 - eval - INFO - [EVALUATE_START] Mode: config (will read from config.yaml)
2025-11-22 22:28:33,810 - eval - INFO - [EVALUATE_START] Iterations: 1
2025-11-22 22:37:22,660 - eval - INFO - [EVALUATE_COMPLETE] Evaluation returned: {'mode': 'both', 'total_cost_usd': 0.0}
2025-11-22 22:37:22,662 - eval - INFO - [EVAL_BEST] path=C:\Users\kjhgf\AppData\Local\Temp\llm_eval_20251122_222833_749925\100_ EO 14er & Block.gptr.1.gpt-5.1.caj.md
2025-11-22 22:37:22,662 - eval - INFO - [CSV_EXPORT_START] Beginning CSV export from database: C:\dev\silky\api_cost_multiplier\llm-doc-eval\llm_doc_eval\results_20251123_062833_5bf603e3.sqlite
2025-11-22 22:37:22,662 - eval - INFO - [CSV_EXPORT_START] Export directory: gptr-eval-process/exports\eval_run_20251123_062833_5bf603e3
2025-11-22 22:37:22,662 - eval - INFO - [CSV_EXPORT_DB] Database file exists: 32768 bytes
2025-11-22 22:37:22,662 - eval - INFO - [CSV_EXPORT_TABLES] Database contains 3 tables: ['single_doc_results', 'sqlite_sequence', 'pairwise_results']
2025-11-22 22:37:22,663 - eval - INFO - [CSV_EXPORT_SINGLE] Found 44 rows in single_doc_results
2025-11-22 22:37:22,741 - eval - INFO - [CSV_EXPORT_SUCCESS] Created 3 CSV files: ['elo_summary_20251123_062833_5bf603e3.csv', 'pairwise_results_20251123_062833_5bf603e3.csv', 'single_doc_results_20251123_062833_5bf603e3.csv']
2025-11-22 22:37:22,741 - eval - INFO - [EVAL_EXPORTS] dir=gptr-eval-process/exports\eval_run_20251123_062833_5bf603e3
2025-11-22 22:37:22,741 - eval - INFO - [HTML_EXPORT_START] Generating HTML report from C:\dev\silky\api_cost_multiplier\llm-doc-eval\llm_doc_eval\results_20251123_062833_5bf603e3.sqlite
2025-11-22 22:37:22,743 - eval - INFO - [HTML_EXPORT_SUCCESS] Report saved to gptr-eval-process/exports\eval_run_20251123_062833_5bf603e3\evaluation_report.html
2025-11-22 22:37:22,743 - eval - INFO - [CSV_EXPORT_DB] Database connection closed
2025-11-22 22:37:22,743 - eval - INFO - [EVAL_COST] total_cost_usd=0.0
2025-11-22 22:37:22,748 - eval - ERROR - [EVALUATE_ERROR] Evaluation failed: UnicodeEncodeError: 'charmap' codec can't encode character '\x8f' in position 143: character maps to <undefined>
Traceback (most recent call last):
  File "C:\dev\silky\api_cost_multiplier\evaluate.py", line 430, in main
    print(f"  âš ï¸  UNEXPECTED: More rows than expected ({single_count} > {expected_single})")
    ~~~~~^^^^^^^^^^^^^^^^^^^^^^^^^^^^^^^^^^^^^^^^^^^^^^^^^^^^^^^^^^^^^^^^^^^^^^^^^^^^^^^^^^^^^^^
  File "C:\Program Files\Python313\Lib\encodings\cp1252.py", line 19, in encode
    return codecs.charmap_encode(input,self.errors,encoding_table)[0]
           ~~~~~~~~~~~~~~~~~~~~~^^^^^^^^^^^^^^^^^^^^^^^^^^^^^^^^^^
UnicodeEncodeError: 'charmap' codec can't encode character '\x8f' in position 7: character maps to <undefined>

During handling of the above exception, another exception occurred:

Traceback (most recent call last):
  File "C:\dev\silky\api_cost_multiplier\evaluate.py", line 446, in main
    print(f"  Traceback:\n{traceback.format_exc()}")
    ~~~~~^^^^^^^^^^^^^^^^^^^^^^^^^^^^^^^^^^^^^^^^^^^
  File "C:\Program Files\Python313\Lib\encodings\cp1252.py", line 19, in encode
    return codecs.charmap_encode(input,self.errors,encoding_table)[0]
           ~~~~~~~~~~~~~~~~~~~~~^^^^^^^^^^^^^^^^^^^^^^^^^^^^^^^^^^
UnicodeEncodeError: 'charmap' codec can't encode character '\x8f' in position 143: character maps to <undefined>
2025-11-22 22:37:23,080 - acm - INFO - [TIMELINE]
2025-11-22 22:37:23,080 - acm - INFO - 00:00 -- 01:51 (01:51) -- GPT-R standard, openai:gpt-5.1 -- success
2025-11-22 22:37:23,080 - acm - INFO - 00:00 -- 00:07 (00:07) -- GPT-R standard, openai:gpt-5.1-mini -- failure
2025-11-22 22:37:23,080 - acm - INFO - 00:01 -- 00:07 (00:06) -- GPT-R standard, openai:gpt-5.1-nano -- failure
2025-11-22 22:37:23,080 - acm - INFO - 00:01 -- 04:58 (04:57) -- GPT-R deep, openai:gpt-5.1 -- success
2025-11-22 22:37:23,080 - acm - INFO - 00:01 -- 00:08 (00:07) -- GPT-R deep, openai:gpt-5.1-mini -- failure
2025-11-22 22:37:23,080 - acm - INFO - 00:02 -- 00:08 (00:06) -- GPT-R deep, openai:gpt-5.1-nano -- failure
2025-11-22 23:21:33,827 - acm - INFO - [LOG_CFG] console=Low(WARNING) file=Medium(INFO)
2025-11-22 23:21:33,828 - acm - INFO - Subprocess log initialized at: C:\dev\silky\api_cost_multiplier\logs\acm_subprocess_20251122_232133.log
2025-11-22 23:21:33,830 - acm - INFO - [RUN_START] type=ma provider=openai model=gpt-4.1 file=C:\dev\invade\firstpub-Platform\docs\1. Preface End facism\1. keep track\executive-orders\100_ EO 14er & Block.md
2025-11-22 23:21:33,832 - acm - INFO - [RUN_START] type=ma provider=openai model=gpt-4.1-mini file=C:\dev\invade\firstpub-Platform\docs\1. Preface End facism\1. keep track\executive-orders\100_ EO 14er & Block.md
